{
  "RSpec": {
    "coverage": {
      "/home/sergiu/epiclogger/app/models/member.rb": [
        1,
        null,
        1,
        null,
        null,
        1,
        30,
        1,
        null,
        1,
        1,
        null,
        1,
        null
      ],
      "/home/sergiu/epiclogger/app/helpers/accounts_helper.rb": [
        1,
        null
      ],
      "/home/sergiu/epiclogger/app/helpers/api/home_helper.rb": [
        1,
        null
      ],
      "/home/sergiu/epiclogger/app/helpers/application_helper.rb": [
        1,
        1,
        0,
        0,
        null,
        0,
        0,
        0,
        0,
        0,
        null,
        null,
        null,
        null
      ],
      "/home/sergiu/epiclogger/app/helpers/errors_helper.rb": [
        1,
        null
      ],
      "/home/sergiu/epiclogger/app/helpers/home_helper.rb": [
        1,
        null
      ],
      "/home/sergiu/epiclogger/app/helpers/installations_helper.rb": [
        1,
        null
      ],
      "/home/sergiu/epiclogger/app/helpers/sessions_helper.rb": [
        1,
        null
      ],
      "/home/sergiu/epiclogger/app/helpers/settings_helper.rb": [
        1,
        null
      ],
      "/home/sergiu/epiclogger/app/controllers/accounts_controller.rb": [
        1,
        null
      ],
      "/home/sergiu/epiclogger/app/controllers/application_controller.rb": [
        1,
        null,
        null,
        null,
        1,
        null,
        1,
        null,
        1,
        null,
        1,
        1,
        3,
        3,
        null,
        null,
        1,
        8,
        8,
        null,
        8,
        8,
        8,
        null,
        null
      ],
      "/home/sergiu/epiclogger/app/controllers/api/v1/api_controller.rb": [
        1,
        1,
        null,
        1,
        1,
        null,
        1,
        null,
        1,
        null,
        2,
        null,
        null,
        1,
        2,
        null,
        null,
        1,
        2,
        null,
        null,
        1,
        0,
        null,
        null,
        1,
        32,
        32,
        null,
        0,
        null,
        null,
        null,
        null,
        null,
        null,
        null,
        null,
        null,
        null,
        null,
        null,
        null,
        null,
        null
      ],
      "/home/sergiu/epiclogger/lib/epiclogger/errors.rb": [
        1,
        1,
        1,
        1,
        1,
        2,
        null,
        null,
        null,
        null
      ],
      "/home/sergiu/epiclogger/app/controllers/api/v1/errors_controller.rb": [
        1,
        1,
        null,
        1,
        3,
        3,
        3,
        null,
        null,
        1,
        3,
        null,
        null,
        1,
        4,
        4,
        null,
        null,
        1,
        3,
        3,
        3,
        4,
        null,
        null,
        null,
        1,
        5,
        5,
        5,
        null,
        null,
        null,
        1,
        1,
        29,
        0,
        null,
        29,
        null,
        null,
        null
      ],
      "/home/sergiu/epiclogger/app/controllers/api/v1/invitations_controller.rb": [
        1,
        1,
        7,
        5,
        5,
        null,
        1,
        1,
        5,
        null,
        null
      ],
      "/home/sergiu/epiclogger/app/controllers/api/v1/members_controller.rb": [
        1,
        1,
        null,
        1,
        2,
        null,
        null,
        1,
        3,
        null,
        null,
        1,
        4,
        null,
        null,
        1,
        2,
        2,
        null,
        1,
        1,
        6,
        null,
        null
      ],
      "/home/sergiu/epiclogger/app/controllers/api/v1/websites_controller.rb": [
        1,
        1,
        3,
        null,
        null,
        1,
        4,
        4,
        null,
        null,
        1,
        4,
        null,
        null,
        1,
        3,
        2,
        null,
        null,
        1,
        1,
        8,
        null,
        null
      ],
      "/home/sergiu/epiclogger/app/controllers/errors_controller.rb": [
        1,
        1,
        1,
        null,
        null
      ],
      "/home/sergiu/epiclogger/app/controllers/home_controller.rb": [
        1,
        1,
        1,
        null,
        1,
        null,
        null
      ],
      "/home/sergiu/epiclogger/app/controllers/installations_controller.rb": [
        1,
        1,
        null,
        1,
        null,
        null
      ],
      "/home/sergiu/epiclogger/app/controllers/sessions_controller.rb": [
        1,
        1,
        1,
        null,
        1,
        null,
        null,
        1,
        null,
        null
      ],
      "/home/sergiu/epiclogger/app/controllers/settings_controller.rb": [
        1,
        1,
        null,
        null,
        null
      ],
      "/home/sergiu/epiclogger/app/controllers/subscribers_controller.rb": [
        1,
        1,
        null,
        1,
        null,
        null
      ],
      "/home/sergiu/epiclogger/app/mailers/user_mailer.rb": [
        1,
        null,
        1,
        1,
        1,
        1,
        1,
        1,
        null,
        null,
        1,
        4,
        4,
        4,
        4,
        4,
        null,
        null,
        null
      ],
      "/home/sergiu/epiclogger/app/mailers/application_mailer.rb": [
        1,
        1,
        1,
        null
      ],
      "/home/sergiu/epiclogger/app/models/grouped_issue.rb": [
        1,
        1,
        1,
        1,
        1,
        1,
        1,
        1,
        null,
        null
      ],
      "/home/sergiu/epiclogger/app/models/issue.rb": [
        1,
        1,
        1,
        1,
        1,
        1,
        1,
        1,
        null,
        1,
        null,
        null
      ],
      "/home/sergiu/epiclogger/app/models/message.rb": [
        1,
        1,
        null,
        1,
        null,
        1,
        1,
        null,
        null,
        null
      ],
      "/home/sergiu/epiclogger/app/models/subscriber.rb": [
        1,
        1,
        1,
        1,
        1,
        null
      ],
      "/home/sergiu/epiclogger/app/models/website.rb": [
        1,
        1,
        1,
        1,
        14,
        1,
        null,
        1,
        1,
        null,
        1,
        null,
        1,
        1,
        101,
        101,
        101,
        null,
        101,
        101,
        101,
        null,
        null,
        null,
        null,
        null
      ],
      "/home/sergiu/epiclogger/app/models/website_member.rb": [
        1,
        1,
        1,
        1,
        1,
        1,
        null,
        1,
        82,
        82,
        82,
        null,
        null,
        null
      ]
    },
    "timestamp": 1444979301
  }
}
